<?xml version="1.0" encoding="UTF-8"?>
<testsuite name="jbr.springboot.restapi.service.ProductServiceTest" tests="1" skipped="0" failures="0" errors="0" timestamp="2018-06-20T17:08:56" hostname="DESKTOP-P483ACV" time="0.003">
  <properties/>
  <testcase name="testAddProduct" classname="jbr.springboot.restapi.service.ProductServiceTest" time="0.003"/>
  <system-out><![CDATA[]]></system-out>
  <system-err><![CDATA[]]></system-err>
</testsuite>
